Change component parameters: Designator = "X9A" ("X9"); Footprint = "THT Pin-Header 1x8 (NP)"; UniqueID = "\BIWPERVB\EKJCSQVT" ("\BIWPERVB\EKJCSQVT")
Change component parameters (AddParameter): Name = "aliExpress"; Value = ""; VariantName = "[No Variations]"
Change component parameters (AddParameter): Name = "Component Description"; Value = "Pin Header"; VariantName = "[No Variations]"
Change component parameters (AddParameter): Name = "Component Value"; Value = "8-Pin (2.54mm)"; VariantName = "[No Variations]"
Change component parameters (AddParameter): Name = "ComponentLink1Description"; Value = ""; VariantName = "[No Variations]"
Change component parameters (AddParameter): Name = "ComponentLink1URL"; Value = ""; VariantName = "[No Variations]"
Change component parameters (AddParameter): Name = "Digikey"; Value = ""; VariantName = "[No Variations]"
Change component parameters (AddParameter): Name = "Farnell"; Value = ""; VariantName = "[No Variations]"
Change component parameters (AddParameter): Name = "JLC-Parts"; Value = ""; VariantName = "[No Variations]"
Change component parameters (AddParameter): Name = "Mouser"; Value = ""; VariantName = "[No Variations]"
Change component parameters (AddParameter): Name = "Unit Price"; Value = ""; VariantName = "[No Variations]"
Change component parameters: Designator = "X9B" ("X9"); Footprint = "THT Pin-Header 1x8 (NP)"; UniqueID = "\BBBDYMBJ\EKJCSQVT" ("\BBBDYMBJ\EKJCSQVT")
Change component parameters (AddParameter): Name = "aliExpress"; Value = ""; VariantName = "[No Variations]"
Change component parameters (AddParameter): Name = "Component Description"; Value = "Pin Header"; VariantName = "[No Variations]"
Change component parameters (AddParameter): Name = "Component Value"; Value = "8-Pin (2.54mm)"; VariantName = "[No Variations]"
Change component parameters (AddParameter): Name = "ComponentLink1Description"; Value = ""; VariantName = "[No Variations]"
Change component parameters (AddParameter): Name = "ComponentLink1URL"; Value = ""; VariantName = "[No Variations]"
Change component parameters (AddParameter): Name = "Digikey"; Value = ""; VariantName = "[No Variations]"
Change component parameters (AddParameter): Name = "Farnell"; Value = ""; VariantName = "[No Variations]"
Change component parameters (AddParameter): Name = "JLC-Parts"; Value = ""; VariantName = "[No Variations]"
Change component parameters (AddParameter): Name = "Mouser"; Value = ""; VariantName = "[No Variations]"
Change component parameters (AddParameter): Name = "Unit Price"; Value = ""; VariantName = "[No Variations]"
Change component parameters: Designator = "X9C" ("X9"); Footprint = "THT Pin-Header 1x8 (NP)"; UniqueID = "\VNVGOXSE\EKJCSQVT" ("\VNVGOXSE\EKJCSQVT")
Change component parameters (AddParameter): Name = "aliExpress"; Value = ""; VariantName = "[No Variations]"
Change component parameters (AddParameter): Name = "Component Description"; Value = "Pin Header"; VariantName = "[No Variations]"
Change component parameters (AddParameter): Name = "Component Value"; Value = "8-Pin (2.54mm)"; VariantName = "[No Variations]"
Change component parameters (AddParameter): Name = "ComponentLink1Description"; Value = ""; VariantName = "[No Variations]"
Change component parameters (AddParameter): Name = "ComponentLink1URL"; Value = ""; VariantName = "[No Variations]"
Change component parameters (AddParameter): Name = "Digikey"; Value = ""; VariantName = "[No Variations]"
Change component parameters (AddParameter): Name = "Farnell"; Value = ""; VariantName = "[No Variations]"
Change component parameters (AddParameter): Name = "JLC-Parts"; Value = ""; VariantName = "[No Variations]"
Change component parameters (AddParameter): Name = "Mouser"; Value = ""; VariantName = "[No Variations]"
Change component parameters (AddParameter): Name = "Unit Price"; Value = ""; VariantName = "[No Variations]"
Change component parameters: Designator = "X9D" ("X9"); Footprint = "THT Pin-Header 1x8 (NP)"; UniqueID = "\KVJTQTJF\EKJCSQVT" ("\KVJTQTJF\EKJCSQVT")
Change component parameters (AddParameter): Name = "aliExpress"; Value = ""; VariantName = "[No Variations]"
Change component parameters (AddParameter): Name = "Component Description"; Value = "Pin Header"; VariantName = "[No Variations]"
Change component parameters (AddParameter): Name = "Component Value"; Value = "8-Pin (2.54mm)"; VariantName = "[No Variations]"
Change component parameters (AddParameter): Name = "ComponentLink1Description"; Value = ""; VariantName = "[No Variations]"
Change component parameters (AddParameter): Name = "ComponentLink1URL"; Value = ""; VariantName = "[No Variations]"
Change component parameters (AddParameter): Name = "Digikey"; Value = ""; VariantName = "[No Variations]"
Change component parameters (AddParameter): Name = "Farnell"; Value = ""; VariantName = "[No Variations]"
Change component parameters (AddParameter): Name = "JLC-Parts"; Value = ""; VariantName = "[No Variations]"
Change component parameters (AddParameter): Name = "Mouser"; Value = ""; VariantName = "[No Variations]"
Change component parameters (AddParameter): Name = "Unit Price"; Value = ""; VariantName = "[No Variations]"
